0 info it worked if it ends with ok
1 verbose cli [ 'node', '/usr/local/bin/npm', 'install' ]
2 info using npm@3.0.0
3 info using node@v0.12.2
4 verbose node symlink /usr/local/bin/node
5 verbose config Skipping project config: /Users/shivaninegi/.npmrc. (matches userconfig)
6 silly loadCurrentTree Starting
7 silly install loadCurrentTree
8 silly install readLocalPackageData
9 error install Couldn't read dependencies
10 silly rollbackFailedOptional Starting
11 silly rollbackFailedOptional Finishing
12 silly runTopLevelLifecycles Starting
13 silly runTopLevelLifecycles Finishing
14 silly install printInstalled
15 verbose stack Error: ENOENT, open '/Users/shivaninegi/package.json'
15 verbose stack     at /usr/local/lib/node_modules/npm/lib/install.js:515:18
15 verbose stack     at /usr/local/lib/node_modules/npm/node_modules/iferr/index.js:13:50
15 verbose stack     at /usr/local/lib/node_modules/npm/node_modules/read-package-tree/rpt.js:179:9
15 verbose stack     at f (/usr/local/lib/node_modules/npm/node_modules/once/once.js:17:25)
15 verbose stack     at then (/usr/local/lib/node_modules/npm/node_modules/read-package-tree/rpt.js:165:22)
15 verbose stack     at f (/usr/local/lib/node_modules/npm/node_modules/once/once.js:17:25)
15 verbose stack     at then (/usr/local/lib/node_modules/npm/node_modules/read-package-tree/rpt.js:165:22)
15 verbose stack     at f (/usr/local/lib/node_modules/npm/node_modules/once/once.js:17:25)
15 verbose stack     at /usr/local/lib/node_modules/npm/node_modules/read-package-tree/rpt.js:156:25
15 verbose stack     at f (/usr/local/lib/node_modules/npm/node_modules/once/once.js:17:25)
16 verbose cwd /Users/shivaninegi/Documents/apps/outside-hacks
17 error Darwin 14.3.0
18 error argv "node" "/usr/local/bin/npm" "install"
19 error node v0.12.2
20 error npm  v3.0.0
21 error code ENOPACKAGEJSON
22 error errno 34
23 error package.json ENOENT, open '/Users/shivaninegi/package.json'
23 error package.json This is most likely not a problem with npm itself.
23 error package.json npm can't find a package.json file in your current directory.
24 verbose exit [ 34, true ]
